<?xml version="1.0" encoding="UTF-8"?>
<!-- Generated by org.testng.reporters.JUnitReportReporter -->
<testsuite skipped="0" hostname="ULTRABOOK" name="assigment.DriverScript.DriverScript" tests="1" failures="0" timestamp="03 Aug 2020 19:38:36 GMT" time="236.192" errors="0">
  <testcase name="feature" time="236.192" classname="assigment.DriverScript.DriverScript"/>
</testsuite> <!-- assigment.DriverScript.DriverScript -->
