<?xml version="1.0" encoding="UTF-8"?>
<!-- Generated by org.testng.reporters.JUnitReportReporter -->
<testsuite skipped="0" hostname="ULTRABOOK" name="assigment.DriverScript.NewTest" tests="1" failures="0" timestamp="03 Aug 2020 17:54:30 GMT" time="30.499" errors="0">
  <testcase name="test" time="30.499" classname="assigment.DriverScript.NewTest"/>
</testsuite> <!-- assigment.DriverScript.NewTest -->
